<?xml version="1.0" encoding="UTF-8"?>
<!-- Generated by org.testng.reporters.JUnitReportReporter -->
<testsuite hostname="DESKTOP-BR0LSTG" failures="0" tests="2" name="com.tests.PSICreateAccountTest" time="2.900" errors="0" timestamp="2020-10-30T10:25:25 CDT" skipped="0">
  <testcase classname="com.tests.PSICreateAccountTest" name="verifyAlertOnSubmittingPageWithoutEnteringPassword" time="1.848"/>
  <system-out/>
  <testcase classname="com.tests.PSICreateAccountTest" name="createAccount" time="1.052"/>
  <system-out/>
</testsuite> <!-- com.tests.PSICreateAccountTest -->
