<?xml version="1.0" encoding="UTF-8"?>
<!-- Generated by org.testng.reporters.JUnitReportReporter -->
<testsuite hostname="DESKTOP-BR0LSTG" failures="0" tests="1" name="com.tests.PSIBookStoreTest" time="3.160" errors="0" timestamp="2020-10-30T10:46:00 CDT" skipped="0">
  <testcase classname="com.tests.PSIBookStoreTest" name="PSIBookstorePage" time="3.160"/>
  <system-out/>
</testsuite> <!-- com.tests.PSIBookStoreTest -->
